0 info it worked if it ends with ok
1 verbose cli [ 'E:\\node\\node.exe',
1 verbose cli   'E:\\node\\node_modules\\npm\\bin\\npm-cli.js',
1 verbose cli   'install',
1 verbose cli   'socket' ]
2 info using npm@3.10.10
3 info using node@v6.10.3
4 silly loadCurrentTree Starting
5 silly install loadCurrentTree
6 silly install readLocalPackageData
7 silly fetchPackageMetaData socket
8 silly fetchNamedPackageData socket
9 silly mapToRegistry name socket
10 silly mapToRegistry using default registry
11 silly mapToRegistry registry https://registry.npmjs.org/
12 silly mapToRegistry data Result {
12 silly mapToRegistry   raw: 'socket',
12 silly mapToRegistry   scope: null,
12 silly mapToRegistry   escapedName: 'socket',
12 silly mapToRegistry   name: 'socket',
12 silly mapToRegistry   rawSpec: '',
12 silly mapToRegistry   spec: 'latest',
12 silly mapToRegistry   type: 'tag' }
13 silly mapToRegistry uri https://registry.npmjs.org/socket
14 verbose request uri https://registry.npmjs.org/socket
15 verbose request no auth needed
16 info attempt registry request try #1 at 3:20:47 PM
17 verbose request id 4fff23da60fbec74
18 verbose etag W/"54dbe8d4-5f3"
19 verbose lastModified Wed, 11 Feb 2015 23:42:12 GMT
20 http request GET https://registry.npmjs.org/socket
21 http 304 https://registry.npmjs.org/socket
22 verbose headers { date: 'Fri, 26 May 2017 14:20:49 GMT',
22 verbose headers   via: '1.1 varnish',
22 verbose headers   'cache-control': 'max-age=300',
22 verbose headers   etag: 'W/"54dbe8d4-5f3"',
22 verbose headers   age: '0',
22 verbose headers   connection: 'keep-alive',
22 verbose headers   'x-served-by': 'cache-lcy1140-LCY',
22 verbose headers   'x-cache': 'MISS',
22 verbose headers   'x-cache-hits': '0',
22 verbose headers   'x-timer': 'S1495808449.484840,VS0,VE18',
22 verbose headers   vary: 'Accept-Encoding' }
23 silly get cb [ 304,
23 silly get   { date: 'Fri, 26 May 2017 14:20:49 GMT',
23 silly get     via: '1.1 varnish',
23 silly get     'cache-control': 'max-age=300',
23 silly get     etag: 'W/"54dbe8d4-5f3"',
23 silly get     age: '0',
23 silly get     connection: 'keep-alive',
23 silly get     'x-served-by': 'cache-lcy1140-LCY',
23 silly get     'x-cache': 'MISS',
23 silly get     'x-cache-hits': '0',
23 silly get     'x-timer': 'S1495808449.484840,VS0,VE18',
23 silly get     vary: 'Accept-Encoding' } ]
24 verbose etag https://registry.npmjs.org/socket from cache
25 verbose get saving socket to C:\Users\nandy\AppData\Roaming\npm-cache\registry.npmjs.org\socket\.cache.json
26 verbose correctMkdir C:\Users\nandy\AppData\Roaming\npm-cache correctMkdir not in flight; initializing
27 silly install normalizeTree
28 silly loadCurrentTree Finishing
29 silly loadIdealTree Starting
30 silly install loadIdealTree
31 silly cloneCurrentTree Starting
32 silly install cloneCurrentTreeToIdealTree
33 silly cloneCurrentTree Finishing
34 silly loadShrinkwrap Starting
35 silly install loadShrinkwrap
36 silly loadShrinkwrap Finishing
37 silly loadAllDepsIntoIdealTree Starting
38 silly install loadAllDepsIntoIdealTree
39 silly resolveWithNewModule socket@0.0.1 checking installable status
40 silly cache add args [ 'socket', null ]
41 verbose cache add spec socket
42 silly cache add parsed spec Result {
42 silly cache add   raw: 'socket',
42 silly cache add   scope: null,
42 silly cache add   escapedName: 'socket',
42 silly cache add   name: 'socket',
42 silly cache add   rawSpec: '',
42 silly cache add   spec: 'latest',
42 silly cache add   type: 'tag' }
43 silly addNamed socket@latest
44 verbose addNamed "latest" is being treated as a dist-tag for socket
45 info addNameTag [ 'socket', 'latest' ]
46 silly mapToRegistry name socket
47 silly mapToRegistry using default registry
48 silly mapToRegistry registry https://registry.npmjs.org/
49 silly mapToRegistry data Result {
49 silly mapToRegistry   raw: 'socket',
49 silly mapToRegistry   scope: null,
49 silly mapToRegistry   escapedName: 'socket',
49 silly mapToRegistry   name: 'socket',
49 silly mapToRegistry   rawSpec: '',
49 silly mapToRegistry   spec: 'latest',
49 silly mapToRegistry   type: 'tag' }
50 silly mapToRegistry uri https://registry.npmjs.org/socket
51 verbose addNameTag registry:https://registry.npmjs.org/socket not in flight; fetching
52 verbose get https://registry.npmjs.org/socket not expired, no request
53 silly addNameTag next cb for socket with tag latest
54 silly addNamed socket@0.0.1
55 verbose addNamed "0.0.1" is a plain semver version for socket
56 silly cache afterAdd socket@0.0.1
57 verbose afterAdd C:\Users\nandy\AppData\Roaming\npm-cache\socket\0.0.1\package\package.json not in flight; writing
58 verbose correctMkdir C:\Users\nandy\AppData\Roaming\npm-cache correctMkdir not in flight; initializing
59 verbose afterAdd C:\Users\nandy\AppData\Roaming\npm-cache\socket\0.0.1\package\package.json written
60 silly fetchNamedPackageData microtime
61 silly mapToRegistry name microtime
62 silly mapToRegistry using default registry
63 silly mapToRegistry registry https://registry.npmjs.org/
64 silly mapToRegistry data Result {
64 silly mapToRegistry   raw: 'microtime',
64 silly mapToRegistry   scope: null,
64 silly mapToRegistry   escapedName: 'microtime',
64 silly mapToRegistry   name: 'microtime',
64 silly mapToRegistry   rawSpec: '',
64 silly mapToRegistry   spec: 'latest',
64 silly mapToRegistry   type: 'tag' }
65 silly mapToRegistry uri https://registry.npmjs.org/microtime
66 verbose request uri https://registry.npmjs.org/microtime
67 verbose request no auth needed
68 info attempt registry request try #1 at 3:20:47 PM
69 verbose etag W/"58ed290f-79d8"
70 verbose lastModified Tue, 11 Apr 2017 19:05:51 GMT
71 http request GET https://registry.npmjs.org/microtime
72 http 304 https://registry.npmjs.org/microtime
73 verbose headers { date: 'Fri, 26 May 2017 14:20:49 GMT',
73 verbose headers   via: '1.1 varnish',
73 verbose headers   'cache-control': 'max-age=300',
73 verbose headers   etag: 'W/"58ed290f-79d8"',
73 verbose headers   age: '0',
73 verbose headers   connection: 'keep-alive',
73 verbose headers   'x-served-by': 'cache-lcy1140-LCY',
73 verbose headers   'x-cache': 'HIT',
73 verbose headers   'x-cache-hits': '1',
73 verbose headers   'x-timer': 'S1495808450.617829,VS0,VE23',
73 verbose headers   vary: 'Accept-Encoding' }
74 silly get cb [ 304,
74 silly get   { date: 'Fri, 26 May 2017 14:20:49 GMT',
74 silly get     via: '1.1 varnish',
74 silly get     'cache-control': 'max-age=300',
74 silly get     etag: 'W/"58ed290f-79d8"',
74 silly get     age: '0',
74 silly get     connection: 'keep-alive',
74 silly get     'x-served-by': 'cache-lcy1140-LCY',
74 silly get     'x-cache': 'HIT',
74 silly get     'x-cache-hits': '1',
74 silly get     'x-timer': 'S1495808450.617829,VS0,VE23',
74 silly get     vary: 'Accept-Encoding' } ]
75 verbose etag https://registry.npmjs.org/microtime from cache
76 verbose get saving microtime to C:\Users\nandy\AppData\Roaming\npm-cache\registry.npmjs.org\microtime\.cache.json
77 verbose correctMkdir C:\Users\nandy\AppData\Roaming\npm-cache correctMkdir not in flight; initializing
78 silly resolveWithNewModule microtime@0.2.0 checking installable status
79 silly cache add args [ 'microtime@=0.2.0', null ]
80 verbose cache add spec microtime@=0.2.0
81 silly cache add parsed spec Result {
81 silly cache add   raw: 'microtime@=0.2.0',
81 silly cache add   scope: null,
81 silly cache add   escapedName: 'microtime',
81 silly cache add   name: 'microtime',
81 silly cache add   rawSpec: '=0.2.0',
81 silly cache add   spec: '0.2.0',
81 silly cache add   type: 'version' }
82 silly addNamed microtime@0.2.0
83 verbose addNamed "0.2.0" is a plain semver version for microtime
84 silly mapToRegistry name microtime
85 silly mapToRegistry using default registry
86 silly mapToRegistry registry https://registry.npmjs.org/
87 silly mapToRegistry data Result {
87 silly mapToRegistry   raw: 'microtime',
87 silly mapToRegistry   scope: null,
87 silly mapToRegistry   escapedName: 'microtime',
87 silly mapToRegistry   name: 'microtime',
87 silly mapToRegistry   rawSpec: '',
87 silly mapToRegistry   spec: 'latest',
87 silly mapToRegistry   type: 'tag' }
88 silly mapToRegistry uri https://registry.npmjs.org/microtime
89 verbose addNameVersion registry:https://registry.npmjs.org/microtime not in flight; fetching
90 verbose get https://registry.npmjs.org/microtime not expired, no request
91 silly cache afterAdd microtime@0.2.0
92 verbose afterAdd C:\Users\nandy\AppData\Roaming\npm-cache\microtime\0.2.0\package\package.json not in flight; writing
93 verbose correctMkdir C:\Users\nandy\AppData\Roaming\npm-cache correctMkdir not in flight; initializing
94 verbose afterAdd C:\Users\nandy\AppData\Roaming\npm-cache\microtime\0.2.0\package\package.json written
95 silly loadAllDepsIntoIdealTree Finishing
96 silly loadIdealTree Finishing
97 silly currentTree project@1.0.0
97 silly currentTree +-- accepts@1.3.3
97 silly currentTree +-- after@0.8.2
97 silly currentTree +-- array-flatten@1.1.1
97 silly currentTree +-- arraybuffer.slice@0.0.6
97 silly currentTree +-- backo2@1.0.2
97 silly currentTree +-- base64-arraybuffer@0.1.5
97 silly currentTree +-- base64id@1.0.0
97 silly currentTree +-- better-assert@1.0.2
97 silly currentTree +-- blob@0.0.4
97 silly currentTree +-- callsite@1.0.0
97 silly currentTree +-- component-bind@1.0.0
97 silly currentTree +-- component-emitter@1.2.1
97 silly currentTree +-- component-inherit@0.0.3
97 silly currentTree +-- content-disposition@0.5.2
97 silly currentTree +-- content-type@1.0.2
97 silly currentTree +-- cookie-signature@1.0.6
97 silly currentTree +-- cookie@0.3.1
97 silly currentTree +-- debug@2.6.7
97 silly currentTree +-- depd@1.1.0
97 silly currentTree +-- destroy@1.0.4
97 silly currentTree +-- ee-first@1.1.1
97 silly currentTree +-- encodeurl@1.0.1
97 silly currentTree +-- engine.io-client@3.1.1
97 silly currentTree +-- engine.io-parser@2.1.1
97 silly currentTree +-- engine.io@3.1.0
97 silly currentTree +-- escape-html@1.0.3
97 silly currentTree +-- etag@1.8.0
97 silly currentTree +-- express@4.15.3
97 silly currentTree +-- finalhandler@1.0.3
97 silly currentTree +-- forwarded@0.1.0
97 silly currentTree +-- fresh@0.5.0
97 silly currentTree +-- has-binary2@1.0.2
97 silly currentTree +-- has-cors@1.1.0
97 silly currentTree +-- http-errors@1.6.1
97 silly currentTree +-- indexof@0.0.1
97 silly currentTree +-- inherits@2.0.3
97 silly currentTree +-- ipaddr.js@1.3.0
97 silly currentTree +-- isarray@2.0.1
97 silly currentTree +-- media-typer@0.3.0
97 silly currentTree +-- merge-descriptors@1.0.1
97 silly currentTree +-- methods@1.1.2
97 silly currentTree +-- mime-db@1.27.0
97 silly currentTree +-- mime-types@2.1.15
97 silly currentTree +-- mime@1.3.4
97 silly currentTree +-- ms@2.0.0
97 silly currentTree +-- negotiator@0.6.1
97 silly currentTree +-- object-assign@4.1.1
97 silly currentTree +-- object-component@0.0.3
97 silly currentTree +-- on-finished@2.3.0
97 silly currentTree +-- parsejson@0.0.3
97 silly currentTree +-- parseqs@0.0.5
97 silly currentTree +-- parseuri@0.0.5
97 silly currentTree +-- parseurl@1.3.1
97 silly currentTree +-- path-to-regexp@0.1.7
97 silly currentTree +-- proxy-addr@1.1.4
97 silly currentTree +-- qs@6.4.0
97 silly currentTree +-- range-parser@1.2.0
97 silly currentTree +-- safe-buffer@5.0.1
97 silly currentTree +-- send@0.15.3
97 silly currentTree +-- serve-static@1.12.3
97 silly currentTree +-- setprototypeof@1.0.3
97 silly currentTree +-- socket.io-adapter@1.1.0
97 silly currentTree | +-- debug@2.3.3
97 silly currentTree | `-- ms@0.7.2
97 silly currentTree +-- socket.io-client@2.0.1
97 silly currentTree | +-- debug@2.6.4
97 silly currentTree | `-- ms@0.7.3
97 silly currentTree +-- socket.io-parser@3.1.2
97 silly currentTree +-- socket.io@2.0.1
97 silly currentTree +-- statuses@1.3.1
97 silly currentTree +-- to-array@0.1.4
97 silly currentTree +-- type-is@1.6.15
97 silly currentTree +-- ultron@1.1.0
97 silly currentTree +-- unpipe@1.0.0
97 silly currentTree +-- utils-merge@1.0.0
97 silly currentTree +-- uws@0.14.5
97 silly currentTree +-- vary@1.1.1
97 silly currentTree +-- ws@2.3.1
97 silly currentTree +-- xmlhttprequest-ssl@1.5.3
97 silly currentTree `-- yeast@0.1.2
98 silly idealTree project@1.0.0
98 silly idealTree +-- accepts@1.3.3
98 silly idealTree +-- after@0.8.2
98 silly idealTree +-- array-flatten@1.1.1
98 silly idealTree +-- arraybuffer.slice@0.0.6
98 silly idealTree +-- backo2@1.0.2
98 silly idealTree +-- base64-arraybuffer@0.1.5
98 silly idealTree +-- base64id@1.0.0
98 silly idealTree +-- better-assert@1.0.2
98 silly idealTree +-- blob@0.0.4
98 silly idealTree +-- callsite@1.0.0
98 silly idealTree +-- component-bind@1.0.0
98 silly idealTree +-- component-emitter@1.2.1
98 silly idealTree +-- component-inherit@0.0.3
98 silly idealTree +-- content-disposition@0.5.2
98 silly idealTree +-- content-type@1.0.2
98 silly idealTree +-- cookie-signature@1.0.6
98 silly idealTree +-- cookie@0.3.1
98 silly idealTree +-- debug@2.6.7
98 silly idealTree +-- depd@1.1.0
98 silly idealTree +-- destroy@1.0.4
98 silly idealTree +-- ee-first@1.1.1
98 silly idealTree +-- encodeurl@1.0.1
98 silly idealTree +-- engine.io-client@3.1.1
98 silly idealTree +-- engine.io-parser@2.1.1
98 silly idealTree +-- engine.io@3.1.0
98 silly idealTree +-- escape-html@1.0.3
98 silly idealTree +-- etag@1.8.0
98 silly idealTree +-- express@4.15.3
98 silly idealTree +-- finalhandler@1.0.3
98 silly idealTree +-- forwarded@0.1.0
98 silly idealTree +-- fresh@0.5.0
98 silly idealTree +-- has-binary2@1.0.2
98 silly idealTree +-- has-cors@1.1.0
98 silly idealTree +-- http-errors@1.6.1
98 silly idealTree +-- indexof@0.0.1
98 silly idealTree +-- inherits@2.0.3
98 silly idealTree +-- ipaddr.js@1.3.0
98 silly idealTree +-- isarray@2.0.1
98 silly idealTree +-- media-typer@0.3.0
98 silly idealTree +-- merge-descriptors@1.0.1
98 silly idealTree +-- methods@1.1.2
98 silly idealTree +-- microtime@0.2.0
98 silly idealTree +-- mime-db@1.27.0
98 silly idealTree +-- mime-types@2.1.15
98 silly idealTree +-- mime@1.3.4
98 silly idealTree +-- ms@2.0.0
98 silly idealTree +-- negotiator@0.6.1
98 silly idealTree +-- object-assign@4.1.1
98 silly idealTree +-- object-component@0.0.3
98 silly idealTree +-- on-finished@2.3.0
98 silly idealTree +-- parsejson@0.0.3
98 silly idealTree +-- parseqs@0.0.5
98 silly idealTree +-- parseuri@0.0.5
98 silly idealTree +-- parseurl@1.3.1
98 silly idealTree +-- path-to-regexp@0.1.7
98 silly idealTree +-- proxy-addr@1.1.4
98 silly idealTree +-- qs@6.4.0
98 silly idealTree +-- range-parser@1.2.0
98 silly idealTree +-- safe-buffer@5.0.1
98 silly idealTree +-- send@0.15.3
98 silly idealTree +-- serve-static@1.12.3
98 silly idealTree +-- setprototypeof@1.0.3
98 silly idealTree +-- socket.io-adapter@1.1.0
98 silly idealTree | +-- debug@2.3.3
98 silly idealTree | `-- ms@0.7.2
98 silly idealTree +-- socket.io-client@2.0.1
98 silly idealTree | +-- debug@2.6.4
98 silly idealTree | `-- ms@0.7.3
98 silly idealTree +-- socket.io-parser@3.1.2
98 silly idealTree +-- socket.io@2.0.1
98 silly idealTree +-- socket@0.0.1
98 silly idealTree +-- statuses@1.3.1
98 silly idealTree +-- to-array@0.1.4
98 silly idealTree +-- type-is@1.6.15
98 silly idealTree +-- ultron@1.1.0
98 silly idealTree +-- unpipe@1.0.0
98 silly idealTree +-- utils-merge@1.0.0
98 silly idealTree +-- uws@0.14.5
98 silly idealTree +-- vary@1.1.1
98 silly idealTree +-- ws@2.3.1
98 silly idealTree +-- xmlhttprequest-ssl@1.5.3
98 silly idealTree `-- yeast@0.1.2
99 silly generateActionsToTake Starting
100 silly install generateActionsToTake
101 silly generateActionsToTake Finishing
102 silly diffTrees action count 2
103 silly diffTrees add microtime@0.2.0
104 silly diffTrees add socket@0.0.1
105 silly decomposeActions action count 16
106 silly decomposeActions fetch microtime@0.2.0
107 silly decomposeActions extract microtime@0.2.0
108 silly decomposeActions test microtime@0.2.0
109 silly decomposeActions preinstall microtime@0.2.0
110 silly decomposeActions build microtime@0.2.0
111 silly decomposeActions install microtime@0.2.0
112 silly decomposeActions postinstall microtime@0.2.0
113 silly decomposeActions finalize microtime@0.2.0
114 silly decomposeActions fetch socket@0.0.1
115 silly decomposeActions extract socket@0.0.1
116 silly decomposeActions test socket@0.0.1
117 silly decomposeActions preinstall socket@0.0.1
118 silly decomposeActions build socket@0.0.1
119 silly decomposeActions install socket@0.0.1
120 silly decomposeActions postinstall socket@0.0.1
121 silly decomposeActions finalize socket@0.0.1
122 silly runTopLevelLifecycles Starting
123 silly executeActions Starting
124 silly install executeActions
125 silly doSerial global-install 0
126 silly doParallel fetch 2
127 verbose correctMkdir C:\Users\nandy\AppData\Roaming\npm-cache\_locks correctMkdir not in flight; initializing
128 verbose lock using C:\Users\nandy\AppData\Roaming\npm-cache\_locks\staging-760601983befe33a.lock for D:\NODEJS\GAMETEST\node_modules\.staging
129 silly doParallel extract 2
130 silly extract microtime@0.2.0
131 silly extract socket@0.0.1
132 verbose unbuild node_modules\.staging\microtime-46dedde7
133 verbose unbuild node_modules\.staging\socket-2e57fe73
134 silly gentlyRm D:\NODEJS\GAMETEST\node_modules\.staging\microtime-46dedde7 is being purged from base D:\NODEJS\GAMETEST
135 verbose gentlyRm don't care about contents; nuking D:\NODEJS\GAMETEST\node_modules\.staging\microtime-46dedde7
136 silly gentlyRm D:\NODEJS\GAMETEST\node_modules\.staging\socket-2e57fe73 is being purged from base D:\NODEJS\GAMETEST
137 verbose gentlyRm don't care about contents; nuking D:\NODEJS\GAMETEST\node_modules\.staging\socket-2e57fe73
138 verbose tar unpack C:\Users\nandy\AppData\Roaming\npm-cache\microtime\0.2.0\package.tgz
139 verbose tar unpacking to D:\NODEJS\GAMETEST\node_modules\.staging\microtime-46dedde7
140 silly gentlyRm D:\NODEJS\GAMETEST\node_modules\.staging\microtime-46dedde7 is being purged
141 verbose gentlyRm don't care about contents; nuking D:\NODEJS\GAMETEST\node_modules\.staging\microtime-46dedde7
142 verbose tar unpack C:\Users\nandy\AppData\Roaming\npm-cache\socket\0.0.1\package.tgz
143 verbose tar unpacking to D:\NODEJS\GAMETEST\node_modules\.staging\socket-2e57fe73
144 silly gentlyRm D:\NODEJS\GAMETEST\node_modules\.staging\socket-2e57fe73 is being purged
145 verbose gentlyRm don't care about contents; nuking D:\NODEJS\GAMETEST\node_modules\.staging\socket-2e57fe73
146 silly gunzTarPerm modes [ '777', '666' ]
147 silly gunzTarPerm modes [ '777', '666' ]
148 silly gunzTarPerm extractEntry index.js
149 silly gunzTarPerm modified mode [ 'index.js', 420, 438 ]
150 silly gunzTarPerm extractEntry examples/
151 silly gunzTarPerm modified mode [ 'examples/', 493, 511 ]
152 silly gunzTarPerm extractEntry LICENSE
153 silly gunzTarPerm modified mode [ 'LICENSE', 420, 438 ]
154 silly gunzTarPerm extractEntry package.json
155 silly gunzTarPerm modified mode [ 'package.json', 420, 438 ]
156 silly gunzTarPerm extractEntry examples/echo-server.js
157 silly gunzTarPerm modified mode [ 'examples/echo-server.js', 420, 438 ]
158 silly gunzTarPerm extractEntry examples/simple-test.js
159 silly gunzTarPerm modified mode [ 'examples/simple-test.js', 420, 438 ]
160 silly gunzTarPerm extractEntry examples/simple-time-server.js
161 silly gunzTarPerm modified mode [ 'examples/simple-time-server.js', 420, 438 ]
162 silly gunzTarPerm extractEntry index.js
163 silly gunzTarPerm modified mode [ 'index.js', 420, 438 ]
164 silly gunzTarPerm extractEntry lib/
165 silly gunzTarPerm modified mode [ 'lib/', 493, 511 ]
166 silly gunzTarPerm extractEntry README.md
167 silly gunzTarPerm modified mode [ 'README.md', 420, 438 ]
168 silly gunzTarPerm extractEntry test.js
169 silly gunzTarPerm modified mode [ 'test.js', 420, 438 ]
170 silly gunzTarPerm extractEntry wscript
171 silly gunzTarPerm modified mode [ 'wscript', 420, 438 ]
172 silly gunzTarPerm extractEntry src/microtime.cc
173 silly gunzTarPerm modified mode [ 'src/microtime.cc', 420, 438 ]
174 silly gunzTarPerm extractEntry lib/index.js
175 silly gunzTarPerm modified mode [ 'lib/index.js', 420, 438 ]
176 silly gunzTarPerm extractEntry lib/middleware/
177 silly gunzTarPerm modified mode [ 'lib/middleware/', 493, 511 ]
178 silly gunzTarPerm extractEntry lib/middleware/echo.js
179 silly gunzTarPerm modified mode [ 'lib/middleware/echo.js', 420, 438 ]
180 silly gunzTarPerm extractEntry lib/middleware/errorHandler.js
181 silly gunzTarPerm modified mode [ 'lib/middleware/errorHandler.js', 420, 438 ]
182 silly gunzTarPerm extractEntry lib/middleware/json.js
183 silly gunzTarPerm modified mode [ 'lib/middleware/json.js', 420, 438 ]
184 silly gunzTarPerm extractEntry lib/middleware/profiler.js
185 silly gunzTarPerm modified mode [ 'lib/middleware/profiler.js', 420, 438 ]
186 silly gunzTarPerm extractEntry lib/proto.js
187 silly gunzTarPerm modified mode [ 'lib/proto.js', 420, 438 ]
188 silly gunzTarPerm extractEntry lib/utils.js
189 silly gunzTarPerm modified mode [ 'lib/utils.js', 420, 438 ]
190 silly gunzTarPerm extractEntry nbproject/
191 silly gunzTarPerm modified mode [ 'nbproject/', 493, 511 ]
192 silly gunzTarPerm extractEntry nbproject/private/
193 silly gunzTarPerm modified mode [ 'nbproject/private/', 493, 511 ]
194 silly gunzTarPerm extractEntry nbproject/private/private.properties
195 silly gunzTarPerm modified mode [ 'nbproject/private/private.properties', 420, 438 ]
196 silly gunzTarPerm extractEntry nbproject/project.properties
197 silly gunzTarPerm modified mode [ 'nbproject/project.properties', 420, 438 ]
198 silly gunzTarPerm extractEntry nbproject/project.xml
199 silly gunzTarPerm modified mode [ 'nbproject/project.xml', 420, 438 ]
200 silly gunzTarPerm extractEntry package.json
201 silly gunzTarPerm modified mode [ 'package.json', 420, 438 ]
202 silly gunzTarPerm extractEntry scripts/
203 silly gunzTarPerm modified mode [ 'scripts/', 493, 511 ]
204 silly gunzTarPerm extractEntry scripts/lint
205 silly gunzTarPerm modified mode [ 'scripts/lint', 493, 511 ]
206 silly gentlyRm D:\NODEJS\GAMETEST\node_modules\.staging\microtime-46dedde7\node_modules is being purged
207 verbose gentlyRm don't care about contents; nuking D:\NODEJS\GAMETEST\node_modules\.staging\microtime-46dedde7\node_modules
208 silly gentlyRm D:\NODEJS\GAMETEST\node_modules\.staging\socket-2e57fe73\node_modules is being purged
209 verbose gentlyRm don't care about contents; nuking D:\NODEJS\GAMETEST\node_modules\.staging\socket-2e57fe73\node_modules
210 silly doParallel preinstall 2
211 silly preinstall microtime@0.2.0 D:\NODEJS\GAMETEST\node_modules\.staging\microtime-46dedde7
212 info lifecycle microtime@0.2.0~preinstall: microtime@0.2.0
213 silly preinstall socket@0.0.1 D:\NODEJS\GAMETEST\node_modules\.staging\socket-2e57fe73
214 info lifecycle socket@0.0.1~preinstall: socket@0.0.1
215 silly lifecycle microtime@0.2.0~preinstall: no script for preinstall, continuing
216 silly lifecycle socket@0.0.1~preinstall: no script for preinstall, continuing
217 silly doReverseSerial remove 0
218 silly doSerial move 0
219 silly doSerial finalize 2
220 silly finalize D:\NODEJS\GAMETEST\node_modules\microtime
221 silly finalize D:\NODEJS\GAMETEST\node_modules\socket
222 silly doSerial build 2
223 silly build microtime@0.2.0
224 info linkStuff microtime@0.2.0
225 silly linkStuff microtime@0.2.0 has D:\NODEJS\GAMETEST\node_modules as its parent node_modules
226 verbose linkBins microtime@0.2.0
227 verbose linkMans microtime@0.2.0
228 silly build socket@0.0.1
229 info linkStuff socket@0.0.1
230 silly linkStuff socket@0.0.1 has D:\NODEJS\GAMETEST\node_modules as its parent node_modules
231 verbose linkBins socket@0.0.1
232 verbose linkMans socket@0.0.1
233 silly doSerial global-link 0
234 silly doParallel update-linked 0
235 silly doSerial install 2
236 silly install microtime@0.2.0 D:\NODEJS\GAMETEST\node_modules\.staging\microtime-46dedde7
237 info lifecycle microtime@0.2.0~install: microtime@0.2.0
238 verbose lifecycle microtime@0.2.0~install: unsafe-perm in lifecycle true
239 verbose lifecycle microtime@0.2.0~install: PATH: E:\node\node_modules\npm\bin\node-gyp-bin;D:\NODEJS\GAMETEST\node_modules\microtime\node_modules\.bin;D:\NODEJS\GAMETEST\node_modules\.bin;C:\ProgramData\Oracle\Java\javapath;C:\Windows\system32;C:\Windows;C:\Windows\System32\Wbem;C:\Windows\System32\WindowsPowerShell\v1.0\;C:\Program Files (x86)\NVIDIA Corporation\PhysX\Common;C:\Program Files\Common Files\Autodesk Shared\;C:\Program Files (x86)\Autodesk\Backburner\;C:\Program Files (x86)\Skype\Phone\;C:\Program Files (x86)\Windows Kits\10\Windows Performance Toolkit\;C:\Program Files\Git\cmd;C:\Windows\system32\config\systemprofile\.dnx\bin;C:\Program Files\Microsoft DNX\Dnvm\;C:\Program Files\Microsoft SQL Server\130\Tools\Binn\;C:\Program Files (x86)\Livestreamer;E:\node\;C:\Users\nandy\AppData\Local\Microsoft\WindowsApps;C:\Users\nandy\AppData\Roaming\npm;C:\Users\nandy\AppData\Local\atom\bin
240 verbose lifecycle microtime@0.2.0~install: CWD: D:\NODEJS\GAMETEST\node_modules\microtime
241 silly lifecycle microtime@0.2.0~install: Args: [ '/d /s /c', 'node-waf configure build' ]
242 silly lifecycle microtime@0.2.0~install: Returned: code: 1  signal: null
243 info lifecycle microtime@0.2.0~install: Failed to exec install script
244 verbose unlock done using C:\Users\nandy\AppData\Roaming\npm-cache\_locks\staging-760601983befe33a.lock for D:\NODEJS\GAMETEST\node_modules\.staging
245 silly rollbackFailedOptional Starting
246 silly rollbackFailedOptional Finishing
247 silly runTopLevelLifecycles Finishing
248 silly install printInstalled
249 warn project@1.0.0 No description
250 verbose If you need help, you may report this error at:
250 verbose     <https://github.com/npm/npm/issues>
251 verbose stack Error: microtime@0.2.0 install: `node-waf configure build`
251 verbose stack Exit status 1
251 verbose stack     at EventEmitter.<anonymous> (E:\node\node_modules\npm\lib\utils\lifecycle.js:255:16)
251 verbose stack     at emitTwo (events.js:106:13)
251 verbose stack     at EventEmitter.emit (events.js:191:7)
251 verbose stack     at ChildProcess.<anonymous> (E:\node\node_modules\npm\lib\utils\spawn.js:40:14)
251 verbose stack     at emitTwo (events.js:106:13)
251 verbose stack     at ChildProcess.emit (events.js:191:7)
251 verbose stack     at maybeClose (internal/child_process.js:886:16)
251 verbose stack     at Process.ChildProcess._handle.onexit (internal/child_process.js:226:5)
252 verbose pkgid microtime@0.2.0
253 verbose cwd D:\NODEJS\GAMETEST
254 error Windows_NT 10.0.14393
255 error argv "E:\\node\\node.exe" "E:\\node\\node_modules\\npm\\bin\\npm-cli.js" "install" "socket"
256 error node v6.10.3
257 error npm  v3.10.10
258 error code ELIFECYCLE
259 error microtime@0.2.0 install: `node-waf configure build`
259 error Exit status 1
260 error Failed at the microtime@0.2.0 install script 'node-waf configure build'.
260 error Make sure you have the latest version of node.js and npm installed.
260 error If you do, this is most likely a problem with the microtime package,
260 error not with npm itself.
260 error Tell the author that this fails on your system:
260 error     node-waf configure build
260 error You can get information on how to open an issue for this project with:
260 error     npm bugs microtime
260 error Or if that isn't available, you can get their info via:
260 error     npm owner ls microtime
260 error There is likely additional logging output above.
261 verbose exit [ 1, true ]
